<?xml version="1.0" encoding="UTF-8"?>
<robot generated="20180821 22:21:04.784" generator="Robot 3.0.4 (Python 2.7.14 on darwin)">
<suite source="/Users/diemol/Projects/github.com/diemol/docker-selenium-issues/issue-763/TestProject-master" id="s1" name="TestProject-master">
<suite source="/Users/diemol/Projects/github.com/diemol/docker-selenium-issues/issue-763/TestProject-master/TestSuite.txt" id="s1-s1" name="TestSuite">
<test id="s1-s1-t1" name="TestCase">
<kw name="Open Browser" library="SeleniumLibrary">
<doc>Opens a new browser instance to the given ``url``.</doc>
<arguments>
<arg>https://www.baidu.com/</arg>
<arg>chrome</arg>
<arg>None</arg>
<arg>http://localhost:4444/wd/hub</arg>
</arguments>
<msg timestamp="20180821 22:21:04.987" level="INFO">Opening browser 'chrome' to base url 'https://www.baidu.com/' through remote server at 'http://localhost:4444/wd/hub'.</msg>
<status status="PASS" endtime="20180821 22:21:11.437" starttime="20180821 22:21:04.987"></status>
</kw>
<kw name="Maximize Browser Window" library="SeleniumLibrary">
<doc>Maximizes current browser window.</doc>
<status status="PASS" endtime="20180821 22:21:11.568" starttime="20180821 22:21:11.438"></status>
</kw>
<kw name="Sleep" library="BuiltIn">
<doc>Pauses the test executed for the given time.</doc>
<arguments>
<arg>2s</arg>
</arguments>
<msg timestamp="20180821 22:21:13.570" level="INFO">Slept 2 seconds</msg>
<status status="PASS" endtime="20180821 22:21:13.570" starttime="20180821 22:21:11.569"></status>
</kw>
<kw name="Log" library="BuiltIn">
<doc>Logs the given message with the given level.</doc>
<arguments>
<arg>HELLO</arg>
</arguments>
<msg timestamp="20180821 22:21:13.571" level="INFO">HELLO</msg>
<status status="PASS" endtime="20180821 22:21:13.572" starttime="20180821 22:21:13.571"></status>
</kw>
<status status="PASS" endtime="20180821 22:21:13.572" critical="yes" starttime="20180821 22:21:04.986"></status>
</test>
<status status="PASS" endtime="20180821 22:21:13.573" starttime="20180821 22:21:04.814"></status>
</suite>
<status status="PASS" endtime="20180821 22:21:13.576" starttime="20180821 22:21:04.787"></status>
</suite>
<statistics>
<total>
<stat fail="0" pass="1">Critical Tests</stat>
<stat fail="0" pass="1">All Tests</stat>
</total>
<tag>
</tag>
<suite>
<stat fail="0" id="s1" name="TestProject-master" pass="1">TestProject-master</stat>
<stat fail="0" id="s1-s1" name="TestSuite" pass="1">TestProject-master.TestSuite</stat>
</suite>
</statistics>
<errors>
<msg timestamp="20180821 22:21:04.816" level="ERROR">Error in file '/Users/diemol/Projects/github.com/diemol/docker-selenium-issues/issue-763/TestProject-master/TestSuite.txt': Importing test library 'ZAPublicLibrary' failed: ImportError: No module named ZAPublicLibrary
Traceback (most recent call last):
  None
PYTHONPATH:
  /Users/diemol/Projects/github.com/diemol/docker-selenium-issues/issue-763/TestProject-master/TestProject/bin
  /Users/diemol/Projects/github.com/diemol/docker-selenium-issues/issue-763/TestProject-master/TestProject/lib/python27.zip
  /Users/diemol/Projects/github.com/diemol/docker-selenium-issues/issue-763/TestProject-master/TestProject/lib/python2.7
  /Users/diemol/Projects/github.com/diemol/docker-selenium-issues/issue-763/TestProject-master/TestProject/lib/python2.7/plat-darwin
  /Users/diemol/Projects/github.com/diemol/docker-selenium-issues/issue-763/TestProject-master/TestProject/lib/python2.7/plat-mac
  /Users/diemol/Projects/github.com/diemol/docker-selenium-issues/issue-763/TestProject-master/TestProject/lib/python2.7/plat-mac/lib-scriptpackages
  /Users/diemol/Projects/github.com/diemol/docker-selenium-issues/issue-763/TestProject-master/TestProject/lib/python2.7/lib-tk
  /Users/diemol/Projects/github.com/diemol/docker-selenium-issues/issue-763/TestProject-master/TestProject/lib/python2.7/lib-old
  /Users/diemol/Projects/github.com/diemol/docker-selenium-issues/issue-763/TestProject-master/TestProject/lib/python2.7/lib-dynload
  /usr/local/Cellar/python/2.7.14_2/Frameworks/Python.framework/Versions/2.7/lib/python2.7
  /usr/local/Cellar/python/2.7.14_2/Frameworks/Python.framework/Versions/2.7/lib/python2.7/plat-darwin
  /usr/local/Cellar/python/2.7.14_2/Frameworks/Python.framework/Versions/2.7/lib/python2.7/lib-tk
  /usr/local/Cellar/python/2.7.14_2/Frameworks/Python.framework/Versions/2.7/lib/python2.7/plat-mac
  /usr/local/Cellar/python/2.7.14_2/Frameworks/Python.framework/Versions/2.7/lib/python2.7/plat-mac/lib-scriptpackages
  /Users/diemol/Projects/github.com/diemol/docker-selenium-issues/issue-763/TestProject-master/TestProject/lib/python2.7/site-packages</msg>
<msg timestamp="20180821 22:21:04.985" level="ERROR">Error in file '/Users/diemol/Projects/github.com/diemol/docker-selenium-issues/issue-763/TestProject-master/resource.txt': Importing test library 'ZAPublicLibrary' failed: ImportError: No module named ZAPublicLibrary
Traceback (most recent call last):
  None
PYTHONPATH:
  /Users/diemol/Projects/github.com/diemol/docker-selenium-issues/issue-763/TestProject-master/TestProject/bin
  /Users/diemol/Projects/github.com/diemol/docker-selenium-issues/issue-763/TestProject-master/TestProject/lib/python27.zip
  /Users/diemol/Projects/github.com/diemol/docker-selenium-issues/issue-763/TestProject-master/TestProject/lib/python2.7
  /Users/diemol/Projects/github.com/diemol/docker-selenium-issues/issue-763/TestProject-master/TestProject/lib/python2.7/plat-darwin
  /Users/diemol/Projects/github.com/diemol/docker-selenium-issues/issue-763/TestProject-master/TestProject/lib/python2.7/plat-mac
  /Users/diemol/Projects/github.com/diemol/docker-selenium-issues/issue-763/TestProject-master/TestProject/lib/python2.7/plat-mac/lib-scriptpackages
  /Users/diemol/Projects/github.com/diemol/docker-selenium-issues/issue-763/TestProject-master/TestProject/lib/python2.7/lib-tk
  /Users/diemol/Projects/github.com/diemol/docker-selenium-issues/issue-763/TestProject-master/TestProject/lib/python2.7/lib-old
  /Users/diemol/Projects/github.com/diemol/docker-selenium-issues/issue-763/TestProject-master/TestProject/lib/python2.7/lib-dynload
  /usr/local/Cellar/python/2.7.14_2/Frameworks/Python.framework/Versions/2.7/lib/python2.7
  /usr/local/Cellar/python/2.7.14_2/Frameworks/Python.framework/Versions/2.7/lib/python2.7/plat-darwin
  /usr/local/Cellar/python/2.7.14_2/Frameworks/Python.framework/Versions/2.7/lib/python2.7/lib-tk
  /usr/local/Cellar/python/2.7.14_2/Frameworks/Python.framework/Versions/2.7/lib/python2.7/plat-mac
  /usr/local/Cellar/python/2.7.14_2/Frameworks/Python.framework/Versions/2.7/lib/python2.7/plat-mac/lib-scriptpackages
  /Users/diemol/Projects/github.com/diemol/docker-selenium-issues/issue-763/TestProject-master/TestProject/lib/python2.7/site-packages</msg>
</errors>
</robot>
